<?xml version="1.0" encoding="UTF-8"?>
<!-- Generated by org.testng.reporters.JUnitReportReporter -->
<testsuite skipped="0" hostname="chandra" name="qaclickacademy.SeleniumTest" tests="2" failures="0" timestamp="2019-10-12T17:07:53 IST" time="0.021" errors="0">
  <testcase name="elementsUi" time="0.003" classname="qaclickacademy.SeleniumTest"/>
  <testcase name="BrowserAutomation" time="0.018" classname="qaclickacademy.SeleniumTest"/>
</testsuite> <!-- qaclickacademy.SeleniumTest -->
