<?xml version="1.0" encoding="UTF-8"?>
<!-- Generated by org.testng.reporters.JUnitReportReporter -->
<testsuite skipped="0" hostname="chandra" name="qaclickacademy.APITest" tests="2" failures="0" timestamp="12 Oct 2019 12:46:51 GMT" time="0.016" errors="0">
  <testcase name="postJira" time="0.001" classname="qaclickacademy.APITest"/>
  <testcase name="deleteTwitter" time="0.015" classname="qaclickacademy.APITest"/>
</testsuite> <!-- qaclickacademy.APITest -->
